


ARM Macro Assembler    Page 1 


    1 00000000                 AREA             RESET,DATA,READONLY
    2 00000000                 EXPORT           __Vectors
    3 00000000         __Vectors
    4 00000000 10001000        DCD              0X10001000
    5 00000004 00000000        DCD              Reset_Handler
    6 00000008                 ALIGN
    7 00000008                 AREA             mycode,CODE,READONLY
    8 00000000                 ENTRY
    9 00000000                 EXPORT           Reset_Handler
   10 00000000         Reset_Handler
   11 00000000 480E            LDR              R0,= HEX
   12 00000002 6800            LDR              R0,[R0]
   13 00000004 F04F 0300       MOV              R3,#0
   14 00000008 F000 F805 
                       BACK    BL               DIVIDE
   15 0000000C 2800            CMP              R0,#0
   16 0000000E D1FB            BNE              BACK
   17 00000010         
   18 00000010 4C0B            LDR              R4,=BCD
   19 00000012 6025            STR              R5,[R4]
   20 00000014 E7FE    STOP    B                STOP
   21 00000016         
   22 00000016 F04F 0200 
                       DIVIDE  MOV              R2,#0
   23 0000001A 280A    UP      CMP              R0,#0XA
   24 0000001C D304            BLO              EXIT
   25 0000001E F1A0 000A       SUB              R0,#0XA
   26 00000022 F102 0201       ADD              R2,#1
   27 00000026 E7F8            B                UP
   28 00000028         
   29 00000028 FA00 F003 
                       EXIT    LSL              R0,R3
   30 0000002C EA45 0500       ORR              R5,R0
   31 00000030 F103 0304       ADD              R3,#4
   32 00000034 4610            MOV              R0,R2
   33 00000036 4770            BX               LR
   34 00000038         
   35 00000038 000000A8 
                       HEX     DCD              0XA8
   36 0000003C 00000000 
              00000000         AREA             mydata,DATA,READWRITE
   37 00000000 00000000 
                       BCD     DCD              0
   38 00000004                 END
Command Line: --debug --xref --cpu=Cortex-M3 --apcs=interwork --depend=q1.d -oq
1.o -IC:\Keil\ARM\RV31\INC -IC:\Keil\ARM\CMSIS\Include -IC:\Keil\ARM\Inc\NXP\LP
C17xx --predefine="__EVAL SETA 1" --list=q1.lst q1.s



ARM Macro Assembler    Page 1 Alphabetic symbol ordering
Relocatable symbols

RESET 00000000

Symbol: RESET
   Definitions
      At line 1 in file q1.s
   Uses
      None
Comment: RESET unused
__Vectors 00000000

Symbol: __Vectors
   Definitions
      At line 3 in file q1.s
   Uses
      At line 2 in file q1.s
Comment: __Vectors used once
2 symbols



ARM Macro Assembler    Page 1 Alphabetic symbol ordering
Relocatable symbols

BACK 00000008

Symbol: BACK
   Definitions
      At line 14 in file q1.s
   Uses
      At line 16 in file q1.s
Comment: BACK used once
DIVIDE 00000016

Symbol: DIVIDE
   Definitions
      At line 22 in file q1.s
   Uses
      At line 14 in file q1.s
Comment: DIVIDE used once
EXIT 00000028

Symbol: EXIT
   Definitions
      At line 29 in file q1.s
   Uses
      At line 24 in file q1.s
Comment: EXIT used once
HEX 00000038

Symbol: HEX
   Definitions
      At line 35 in file q1.s
   Uses
      At line 11 in file q1.s
Comment: HEX used once
Reset_Handler 00000000

Symbol: Reset_Handler
   Definitions
      At line 10 in file q1.s
   Uses
      At line 5 in file q1.s
      At line 9 in file q1.s

STOP 00000014

Symbol: STOP
   Definitions
      At line 20 in file q1.s
   Uses
      At line 20 in file q1.s
Comment: STOP used once
UP 0000001A

Symbol: UP
   Definitions
      At line 23 in file q1.s
   Uses
      At line 27 in file q1.s
Comment: UP used once
mycode 00000000




ARM Macro Assembler    Page 2 Alphabetic symbol ordering
Relocatable symbols

Symbol: mycode
   Definitions
      At line 7 in file q1.s
   Uses
      None
Comment: mycode unused
8 symbols



ARM Macro Assembler    Page 1 Alphabetic symbol ordering
Relocatable symbols

BCD 00000000

Symbol: BCD
   Definitions
      At line 37 in file q1.s
   Uses
      At line 18 in file q1.s
Comment: BCD used once
mydata 00000000

Symbol: mydata
   Definitions
      At line 36 in file q1.s
   Uses
      None
Comment: mydata unused
2 symbols
345 symbols in table
