


ARM Macro Assembler    Page 1 


    1 00000000                 AREA             RESET,DATA,READONLY
    2 00000000                 EXPORT           __Vectors
    3 00000000         __Vectors
    4 00000000 10001000        DCD              0X10001000
    5 00000004 00000000        DCD              Reset_Handler
    6 00000008                 ALIGN
    7 00000008                 AREA             mycode,CODE,READONLY
    8 00000000                 ENTRY
    9 00000000                 EXPORT           Reset_Handler
   10 00000000         Reset_Handler
   11 00000000 481B            LDR              R0,=SRC1
   12 00000002 491C            LDR              R1,=SRC2
   13 00000004 4D1C            LDR              R5,=DIFF
   14 00000006 F04F 0604       MOV              R6,#4
   15 0000000A F8DF 8070       LDR              R8,=BORROW
   16 0000000E         
   17 0000000E F850 2B04       LDR              R2,[R0],#4
   18 00000012 F851 3B04       LDR              R3,[R1],#4
   19 00000016 1AD4            SUBS             R4,R2,R3
   20 00000018 F845 4B04       STR              R4,[R5],#4
   21 0000001C F1A6 0601       SUB              R6,#1
   22 00000020 F096 0F00       TEQ              R6,#0
   23 00000024 D1FF            BNE              UP
   24 00000026         UP
   25 00000026 F850 2B04       LDR              R2,[R0],#4
   26 0000002A F851 3B04       LDR              R3,[R1],#4
   27 0000002E EB72 0403       SBCS             R4,R2,R3
   28 00000032 F845 4B04       STR              R4,[R5],#4
   29 00000036 F1A6 0601       SUB              R6,#1
   30 0000003A F096 0F00       TEQ              R6,#0
   31 0000003E D1F2            BNE              UP
   32 00000040         
   33 00000040 F04F 0700       MOV              R7,#0
   34 00000044 F166 0600       SBC              R6,#0
   35 00000048 F888 7000       STRB             R7,[R8]
   36 0000004C E7FE    STOP    B                STOP
   37 0000004E 00 00 00000001 
              00000002 
              00000003 
              00000004 SRC1    DCD              0X1,0X2,0X3,0X4
   38 00000060 00000005 
              00000006 
              00000007 
              00000008 SRC2    DCD              0X5,0X6,0X7,0X8
   39 00000070 00000000 
              00000000 
              00000000 
              00000000         AREA             mydata,DATA,READWRITE
   40 00000000 00000000 
              00000000 
              00000000 
              00000000 DIFF    DCD              0,0,0,0
   41 00000010 00      BORROW  DCB              0
   42 00000011                 END
Command Line: --debug --xref --cpu=Cortex-M3 --apcs=interwork --depend=.\q3.d -
o.\q3.o -IC:\Keil\ARM\RV31\INC -IC:\Keil\ARM\CMSIS\Include -IC:\Keil\ARM\Inc\NX
P\LPC17xx --predefine="__EVAL SETA 1" --list=.\q3.lst ..\Lab3\q3.s



ARM Macro Assembler    Page 1 Alphabetic symbol ordering
Relocatable symbols

RESET 00000000

Symbol: RESET
   Definitions
      At line 1 in file ..\Lab3\q3.s
   Uses
      None
Comment: RESET unused
__Vectors 00000000

Symbol: __Vectors
   Definitions
      At line 3 in file ..\Lab3\q3.s
   Uses
      At line 2 in file ..\Lab3\q3.s
Comment: __Vectors used once
2 symbols



ARM Macro Assembler    Page 1 Alphabetic symbol ordering
Relocatable symbols

Reset_Handler 00000000

Symbol: Reset_Handler
   Definitions
      At line 10 in file ..\Lab3\q3.s
   Uses
      At line 5 in file ..\Lab3\q3.s
      At line 9 in file ..\Lab3\q3.s

SRC1 00000050

Symbol: SRC1
   Definitions
      At line 37 in file ..\Lab3\q3.s
   Uses
      At line 11 in file ..\Lab3\q3.s
Comment: SRC1 used once
SRC2 00000060

Symbol: SRC2
   Definitions
      At line 38 in file ..\Lab3\q3.s
   Uses
      At line 12 in file ..\Lab3\q3.s
Comment: SRC2 used once
STOP 0000004C

Symbol: STOP
   Definitions
      At line 36 in file ..\Lab3\q3.s
   Uses
      At line 36 in file ..\Lab3\q3.s
Comment: STOP used once
UP 00000026

Symbol: UP
   Definitions
      At line 24 in file ..\Lab3\q3.s
   Uses
      At line 23 in file ..\Lab3\q3.s
      At line 31 in file ..\Lab3\q3.s

mycode 00000000

Symbol: mycode
   Definitions
      At line 7 in file ..\Lab3\q3.s
   Uses
      None
Comment: mycode unused
6 symbols



ARM Macro Assembler    Page 1 Alphabetic symbol ordering
Relocatable symbols

BORROW 00000010

Symbol: BORROW
   Definitions
      At line 41 in file ..\Lab3\q3.s
   Uses
      At line 15 in file ..\Lab3\q3.s
Comment: BORROW used once
DIFF 00000000

Symbol: DIFF
   Definitions
      At line 40 in file ..\Lab3\q3.s
   Uses
      At line 13 in file ..\Lab3\q3.s
Comment: DIFF used once
mydata 00000000

Symbol: mydata
   Definitions
      At line 39 in file ..\Lab3\q3.s
   Uses
      None
Comment: mydata unused
3 symbols
344 symbols in table
