


ARM Macro Assembler    Page 1 


    1 00000000                 AREA             RESET,DATA,READONLY
    2 00000000                 EXPORT           __Vectors
    3 00000000         __Vectors
    4 00000000 10001000        DCD              0X10001000
    5 00000004 00000000        DCD              Reset_Handler
    6 00000008                 ALIGN
    7 00000008                 AREA             mycode,CODE,READONLY
    8 00000000                 ENTRY
    9 00000000                 EXPORT           Reset_Handler
   10 00000000         Reset_Handler
   11 00000000 480C            LDR              R0,=A
   12 00000002 6800            LDR              R0,[R0]
   13 00000004 490C            LDR              R1,=B
   14 00000006 6809            LDR              R1,[R1]
   15 00000008 F04F 0201       MOV              R2,#1
   16 0000000C         LOOP
   17 0000000C FB00 F302       MUL              R3,R0,R2
   18 00000010 461C            MOV              R4,R3
   19 00000012         REMLOOP
   20 00000012 428C            CMP              R4,R1
   21 00000014 DB02            BLT              REMDONE
   22 00000016 EBA4 0401       SUB              R4,R4,R1
   23 0000001A E7FA            B                REMLOOP
   24 0000001C         REMDONE
   25 0000001C 2C00            CMP              R4,#0
   26 0000001E D002            BEQ              FOUNDLCM
   27 00000020 F102 0201       ADD              R2,R2,#1
   28 00000024 E7F2            B                LOOP
   29 00000026         
   30 00000026         FOUNDLCM
   31 00000026 4F05            LDR              R7,=LCM
   32 00000028 603B            STR              R3,[R7]
   33 0000002A E7FE    STOP    B                STOP
   34 0000002C 0000000C 
                       A       DCD              12
   35 00000030 00000012 
                       B       DCD              18
   36 00000034 00000000 
              00000000 
              00000000         AREA             mydata,DATA,READWRITE
   37 00000000 00000000 
                       LCM     DCD              0
   38 00000004                 END
Command Line: --debug --xref --cpu=Cortex-M3 --apcs=interwork --depend=.\q4.d -
o.\q4.o -IC:\Keil\ARM\RV31\INC -IC:\Keil\ARM\CMSIS\Include -IC:\Keil\ARM\Inc\NX
P\LPC17xx --predefine="__EVAL SETA 1" --list=.\q4.lst ..\Lab3\q4.s



ARM Macro Assembler    Page 1 Alphabetic symbol ordering
Relocatable symbols

RESET 00000000

Symbol: RESET
   Definitions
      At line 1 in file ..\Lab3\q4.s
   Uses
      None
Comment: RESET unused
__Vectors 00000000

Symbol: __Vectors
   Definitions
      At line 3 in file ..\Lab3\q4.s
   Uses
      At line 2 in file ..\Lab3\q4.s
Comment: __Vectors used once
2 symbols



ARM Macro Assembler    Page 1 Alphabetic symbol ordering
Relocatable symbols

A 0000002C

Symbol: A
   Definitions
      At line 34 in file ..\Lab3\q4.s
   Uses
      At line 11 in file ..\Lab3\q4.s
Comment: A used once
B 00000030

Symbol: B
   Definitions
      At line 35 in file ..\Lab3\q4.s
   Uses
      At line 13 in file ..\Lab3\q4.s
Comment: B used once
FOUNDLCM 00000026

Symbol: FOUNDLCM
   Definitions
      At line 30 in file ..\Lab3\q4.s
   Uses
      At line 26 in file ..\Lab3\q4.s
Comment: FOUNDLCM used once
LOOP 0000000C

Symbol: LOOP
   Definitions
      At line 16 in file ..\Lab3\q4.s
   Uses
      At line 28 in file ..\Lab3\q4.s
Comment: LOOP used once
REMDONE 0000001C

Symbol: REMDONE
   Definitions
      At line 24 in file ..\Lab3\q4.s
   Uses
      At line 21 in file ..\Lab3\q4.s
Comment: REMDONE used once
REMLOOP 00000012

Symbol: REMLOOP
   Definitions
      At line 19 in file ..\Lab3\q4.s
   Uses
      At line 23 in file ..\Lab3\q4.s
Comment: REMLOOP used once
Reset_Handler 00000000

Symbol: Reset_Handler
   Definitions
      At line 10 in file ..\Lab3\q4.s
   Uses
      At line 5 in file ..\Lab3\q4.s
      At line 9 in file ..\Lab3\q4.s

STOP 0000002A




ARM Macro Assembler    Page 2 Alphabetic symbol ordering
Relocatable symbols

Symbol: STOP
   Definitions
      At line 33 in file ..\Lab3\q4.s
   Uses
      At line 33 in file ..\Lab3\q4.s
Comment: STOP used once
mycode 00000000

Symbol: mycode
   Definitions
      At line 7 in file ..\Lab3\q4.s
   Uses
      None
Comment: mycode unused
9 symbols



ARM Macro Assembler    Page 1 Alphabetic symbol ordering
Relocatable symbols

LCM 00000000

Symbol: LCM
   Definitions
      At line 37 in file ..\Lab3\q4.s
   Uses
      At line 31 in file ..\Lab3\q4.s
Comment: LCM used once
mydata 00000000

Symbol: mydata
   Definitions
      At line 36 in file ..\Lab3\q4.s
   Uses
      None
Comment: mydata unused
2 symbols
346 symbols in table
