


ARM Macro Assembler    Page 1 


    1 00000000                 AREA             RESET,DATA,READONLY
    2 00000000                 EXPORT           __Vectors
    3 00000000         __Vectors
    4 00000000 10001000        DCD              0x10001000
    5 00000004 00000000        DCD              Reset_Handler
    6 00000008                 ALIGN
    7 00000008                 AREA             mycode,CODE,READONLY
    8 00000000                 ENTRY
    9 00000000                 EXPORT           Reset_Handler
   10 00000000         Reset_Handler
   11 00000000 4B11            LDR              R3,= SRC
   12 00000002 F04F 040A       MOV              R4,#10
   13 00000006         UP
   14 00000006 F853 0B04       LDR              R0,[R3],#4
   15 0000000A 1809            ADDS             R1,R0
   16 0000000C F142 0200       ADC              R2,#0
   17 00000010 3C01            SUBS             R4,#1
   18 00000012 D1F8            BNE              UP
   19 00000014         
   20 00000014 4B0D            LDR              R3,=RESULT
   21 00000016 F843 1B04       STR              R1,[R3],#4
   22 0000001A 601A            STR              R2,[R3]
   23 0000001C E7FE    STOP    B                STOP
   24 0000001E 00 00 00000012 
              00000013 
              00000001 
              00000002 
              00000003 
              00000004 
              00000005 
              00000006 
              00000007 
              00000021 SRC     DCD              0X12,0X13,0X1,0X2,0X3,0X4,0X5,0
X6,0X7,0X21
   25 00000048 00000000 
              00000000         AREA             mydata,DATA,READWRITE
   26 00000000 00000000 
              00000000 RESULT  DCD              0,0
   27 00000008                 END
Command Line: --debug --xref --cpu=Cortex-M3 --apcs=interwork --depend=q1.d -oq
1.o -IC:\Keil\ARM\RV31\INC -IC:\Keil\ARM\CMSIS\Include -IC:\Keil\ARM\Inc\NXP\LP
C17xx --predefine="__EVAL SETA 1" --list=q1.lst q1.asm



ARM Macro Assembler    Page 1 Alphabetic symbol ordering
Relocatable symbols

RESET 00000000

Symbol: RESET
   Definitions
      At line 1 in file q1.asm
   Uses
      None
Comment: RESET unused
__Vectors 00000000

Symbol: __Vectors
   Definitions
      At line 3 in file q1.asm
   Uses
      At line 2 in file q1.asm
Comment: __Vectors used once
2 symbols



ARM Macro Assembler    Page 1 Alphabetic symbol ordering
Relocatable symbols

Reset_Handler 00000000

Symbol: Reset_Handler
   Definitions
      At line 10 in file q1.asm
   Uses
      At line 5 in file q1.asm
      At line 9 in file q1.asm

SRC 00000020

Symbol: SRC
   Definitions
      At line 24 in file q1.asm
   Uses
      At line 11 in file q1.asm
Comment: SRC used once
STOP 0000001C

Symbol: STOP
   Definitions
      At line 23 in file q1.asm
   Uses
      At line 23 in file q1.asm
Comment: STOP used once
UP 00000006

Symbol: UP
   Definitions
      At line 13 in file q1.asm
   Uses
      At line 18 in file q1.asm
Comment: UP used once
mycode 00000000

Symbol: mycode
   Definitions
      At line 7 in file q1.asm
   Uses
      None
Comment: mycode unused
5 symbols



ARM Macro Assembler    Page 1 Alphabetic symbol ordering
Relocatable symbols

RESULT 00000000

Symbol: RESULT
   Definitions
      At line 26 in file q1.asm
   Uses
      At line 20 in file q1.asm
Comment: RESULT used once
mydata 00000000

Symbol: mydata
   Definitions
      At line 25 in file q1.asm
   Uses
      None
Comment: mydata unused
2 symbols
342 symbols in table
