


ARM Macro Assembler    Page 1 


    1 00000000                 AREA             RESET,DATA,READONLY
    2 00000000                 EXPORT           __Vectors
    3 00000000         __Vectors
    4 00000000 10001000        DCD              0x10001000
    5 00000004 00000000        DCD              Reset_Handler
    6 00000008                 ALIGN
    7 00000008                 AREA             mycode,CODE,READONLY
    8 00000000                 ENTRY
    9 00000000                 EXPORT           Reset_Handler
   10 00000000         Reset_Handler
   11 00000000 4814            LDR              R0,=SRC1
   12 00000002 4915            LDR              R1,=SRC2
   13 00000004 4D15            LDR              R5,=SUM
   14 00000006 F04F 0604       MOV              R6,#4
   15 0000000A F8DF 8054       LDR              R8,=CARRY
   16 0000000E         UP
   17 0000000E F850 2B04       LDR              R2,[R0],#4
   18 00000012 F851 3B04       LDR              R3,[R1],#4
   19 00000016 EB53 0402       ADCS             R4,R3,R2
   20 0000001A F845 4B04       STR              R4,[R5],#4
   21 0000001E F1A6 0601       SUB              R6,#1
   22 00000022 F096 0F00       TEQ              R6,#0
   23 00000026 D1F2            BNE              UP
   24 00000028         
   25 00000028 F147 0700       ADC              R7,#0
   26 0000002C F888 7000       STRB             R7,[R8]
   27 00000030 E7FE    STOP    B                STOP
   28 00000032 00 00 00000001 
              00000002 
              00000003 
              00000004 SRC1    DCD              0X1,0X2,0X3,0X4
   29 00000044 00000005 
              00000006 
              00000007 
              00000008 SRC2    DCD              0X5,0X6,0X7,0X8
   30 00000054 00000000 
              00000000 
              00000000 
              00000000         AREA             mydata,DATA,READWRITE
   31 00000000 00000000 
              00000000 
              00000000 
              00000000 SUM     DCD              0,0,0,0
   32 00000010 00      CARRY   DCB              0
   33 00000011                 END
Command Line: --debug --xref --cpu=Cortex-M3 --apcs=interwork --depend=q2.d -oq
2.o -IC:\Keil\ARM\RV31\INC -IC:\Keil\ARM\CMSIS\Include -IC:\Keil\ARM\Inc\NXP\LP
C17xx --predefine="__EVAL SETA 1" --list=q2.lst q2.asm



ARM Macro Assembler    Page 1 Alphabetic symbol ordering
Relocatable symbols

RESET 00000000

Symbol: RESET
   Definitions
      At line 1 in file q2.asm
   Uses
      None
Comment: RESET unused
__Vectors 00000000

Symbol: __Vectors
   Definitions
      At line 3 in file q2.asm
   Uses
      At line 2 in file q2.asm
Comment: __Vectors used once
2 symbols



ARM Macro Assembler    Page 1 Alphabetic symbol ordering
Relocatable symbols

Reset_Handler 00000000

Symbol: Reset_Handler
   Definitions
      At line 10 in file q2.asm
   Uses
      At line 5 in file q2.asm
      At line 9 in file q2.asm

SRC1 00000034

Symbol: SRC1
   Definitions
      At line 28 in file q2.asm
   Uses
      At line 11 in file q2.asm
Comment: SRC1 used once
SRC2 00000044

Symbol: SRC2
   Definitions
      At line 29 in file q2.asm
   Uses
      At line 12 in file q2.asm
Comment: SRC2 used once
STOP 00000030

Symbol: STOP
   Definitions
      At line 27 in file q2.asm
   Uses
      At line 27 in file q2.asm
Comment: STOP used once
UP 0000000E

Symbol: UP
   Definitions
      At line 16 in file q2.asm
   Uses
      At line 23 in file q2.asm
Comment: UP used once
mycode 00000000

Symbol: mycode
   Definitions
      At line 7 in file q2.asm
   Uses
      None
Comment: mycode unused
6 symbols



ARM Macro Assembler    Page 1 Alphabetic symbol ordering
Relocatable symbols

CARRY 00000010

Symbol: CARRY
   Definitions
      At line 32 in file q2.asm
   Uses
      At line 15 in file q2.asm
Comment: CARRY used once
SUM 00000000

Symbol: SUM
   Definitions
      At line 31 in file q2.asm
   Uses
      At line 13 in file q2.asm
Comment: SUM used once
mydata 00000000

Symbol: mydata
   Definitions
      At line 30 in file q2.asm
   Uses
      None
Comment: mydata unused
3 symbols
344 symbols in table
